"../../../../../../Users/JacobWhite/Documents/Unreal Projects/Moonshine_V2_2/Content/Assets/Materials/M_RailgunText.uasset" 0
"../../../../../../Users/JacobWhite/Documents/Unreal Projects/Moonshine_V2_2/Content/SM_Minigun2Mirror.uasset" 1
"../../../../../../Users/JacobWhite/Documents/Unreal Projects/Moonshine_V2_2/Content/Assets/WorldGridMaterial.uasset" 2
"../../../../../../Users/JacobWhite/Documents/Unreal Projects/Moonshine_V2_2/Content/WorldGridMaterial.uasset" 3
"../../../../../../Users/JacobWhite/Documents/Unreal Projects/Moonshine_V2_2/Content/Assets/WorldGridMaterial2.uasset" 4
"../../../../../../Users/JacobWhite/Documents/Unreal Projects/Moonshine_V2_2/Content/WorldGridMaterial2.uasset" 5
"../../Plugins/2D/Paper2D/Content/PlaceholderTextures/DummySpriteTexture.uasset" 6
"../../../../../../Users/JacobWhite/Documents/Unreal Projects/Moonshine_V2_2/Content/Assets/DefaultSpriteMaterial.uasset" 7
"../../../../../../Users/JacobWhite/Documents/Unreal Projects/Moonshine_V2_2/Content/Assets/DummySpriteTexture.uasset" 8
"../../../../../../Users/JacobWhite/Documents/Unreal Projects/Moonshine_V2_2/Content/Assets/Materials/M_OverlordLaser.uasset" 9
"../../../../../../Users/JacobWhite/Documents/Unreal Projects/Moonshine_V2_2/Content/Assets/P_Beam.uasset" 10
"../../../../../../Users/JacobWhite/Documents/Unreal Projects/Moonshine_V2_2/Content/Assets/Materials/M_Railgun.uasset" 11
"../../../../../../Users/JacobWhite/Documents/Unreal Projects/Moonshine_V2_2/Content/Assets/Materials/M_RailGunLaser.uasset" 12
"../../../../../../Users/JacobWhite/Documents/Unreal Projects/Moonshine_V2_2/Content/Assets/P_RailgunBeam.uasset" 13
"../../Plugins/2D/Paper2D/Content/DummySpriteTexture.uasset" 14
"../../Plugins/2D/Paper2D/Content/DefaultSpriteMaterial.uasset" 15
"../../../../../../Users/JacobWhite/Documents/Unreal Projects/Moonshine_V2_2/Content/Assets/TranslucentUnlitSpriteMaterial.uasset" 16
"../../../../../../Users/JacobWhite/Documents/Unreal Projects/Moonshine_V2_2/Content/Assets/Models/SkeletalMesh/SK_MobBase.uasset" 17
"../../../../../../Users/JacobWhite/Documents/Unreal Projects/Moonshine_V2_2/Content/Assets/Animations/A_MobRun.uasset" 18
"../../../Engine/Content/BasicShapes/BasicShapeMaterial.uasset" 19
"../../../Engine/Content/Functions/Engine_MaterialFunctions01/Opacity/CameraDepthFade.uasset" 20
"../../../Engine/Content/EngineMaterials/T_Default_Material_Grid_M.uasset" 21
"../../../Engine/Content/EngineMaterials/T_Default_Material_Grid_N.uasset" 22
"../../../Engine/Content/EngineMaterials/WorldGridMaterial.uasset" 23
"../../../../../../Users/JacobWhite/Documents/Unreal Projects/Moonshine_V2_2/Content/Assets/Models/StaticMesh/SM_Core.uasset" 24
"../../../../../../Users/JacobWhite/Documents/Unreal Projects/Moonshine_V2_2/Content/Assets/Destructibles/SM_Core_DM.uasset" 25
"../../../../../../Users/JacobWhite/Documents/Unreal Projects/Moonshine_V2_2/Content/Assets/Materials/DefaultSpriteMaterial.uasset" 26
"../../../../../../Users/JacobWhite/Documents/Unreal Projects/Moonshine_V2_2/Content/Assets/Materials/Grass.uasset" 27
"../../../../../../Users/JacobWhite/Documents/Unreal Projects/Moonshine_V2_2/Content/Assets/Materials/TranslucentUnlitSpriteMaterial.uasset" 28
"../../../../../../Users/JacobWhite/Documents/Unreal Projects/Moonshine_V2_2/Content/Assets/Materials/Enivironment/M_Basic_Floor.uasset" 29
"../../../../../../Users/JacobWhite/Documents/Unreal Projects/Moonshine_V2_2/Content/Assets/Materials/Enivironment/M_Ground_Moss.uasset" 30
"../../../../../../Users/JacobWhite/Documents/Unreal Projects/Moonshine_V2_2/Content/Assets/Materials/Enivironment/Tree_top.uasset" 31
"../../../../../../Users/JacobWhite/Documents/Unreal Projects/Moonshine_V2_2/Content/Assets/Materials/Enivironment/WOOD.uasset" 32
"../../../../../../Users/JacobWhite/Documents/Unreal Projects/Moonshine_V2_2/Content/Assets/Materials/Enivironment/WOOD1.uasset" 33
"../../../../../../Users/JacobWhite/Documents/Unreal Projects/Moonshine_V2_2/Content/Assets/Models/MapAssets/Fence_1.uasset" 34
"../../../../../../Users/JacobWhite/Documents/Unreal Projects/Moonshine_V2_2/Content/Assets/Models/MapAssets/Fence_2.uasset" 35
"../../../../../../Users/JacobWhite/Documents/Unreal Projects/Moonshine_V2_2/Content/Assets/Models/MapAssets/Gate.uasset" 36
"../../../../../../Users/JacobWhite/Documents/Unreal Projects/Moonshine_V2_2/Content/Assets/Models/MapAssets/Assets/Level_Assests/Migrate/Hail_Layout.uasset" 37
"../../../../../../Users/JacobWhite/Documents/Unreal Projects/Moonshine_V2_2/Content/Assets/Models/MapAssets/Assets/Level_Assests/Migrate/StaticMesh1.uasset" 38
"../../../../../../Users/JacobWhite/Documents/Unreal Projects/Moonshine_V2_2/Content/Assets/Models/MapAssets/Assets/Materials/Hail_Yellow.uasset" 39
"../../../../../../Users/JacobWhite/Documents/Unreal Projects/Moonshine_V2_2/Content/Assets/Models/MapAssets/Assets/Materials/Tire.uasset" 40
"../../../../../../Users/JacobWhite/Documents/Unreal Projects/Moonshine_V2_2/Content/Assets/Models/SkeletalMesh/SK_Swarm.uasset" 41
"../../../../../../Users/JacobWhite/Documents/Unreal Projects/Moonshine_V2_2/Content/Assets/Models/StaticMesh/Enemies/SM_RobotEyeR.uasset" 42
"../../../../../../Users/JacobWhite/Documents/Unreal Projects/Moonshine_V2_2/Content/Assets/Models/StaticMesh/Structures/SM_TowerBase.uasset" 43
"../../../../../../Users/JacobWhite/Documents/Unreal Projects/Moonshine_V2_2/Content/Assets/Particles/P_Beam.uasset" 44
"../../../../../../Users/JacobWhite/Documents/Unreal Projects/Moonshine_V2_2/Content/Assets/Particles/P_RailgunBeam.uasset" 45
"../../../../../../Users/JacobWhite/Documents/Unreal Projects/Moonshine_V2_2/Content/Assets/Particles/FXVarietyPack/FXVarietyPack/Particles/P_ky_explosion.uasset" 46
"../../../../../../Users/JacobWhite/Documents/Unreal Projects/Moonshine_V2_2/Content/Assets/Particles/FXVarietyPack/FXVarietyPack/Particles/P_ky_fireBall.uasset" 47
"../../../../../../Users/JacobWhite/Documents/Unreal Projects/Moonshine_V2_2/Content/Assets/Textures/T_ground_Moss_D.uasset" 48
"../../../../../../Users/JacobWhite/Documents/Unreal Projects/Moonshine_V2_2/Content/Assets/Textures/T_Ground_Moss_N.uasset" 49
"../../../../../../Users/JacobWhite/Documents/Unreal Projects/Moonshine_V2_2/Content/Assets/Textures/T_MacroVariation.uasset" 50
"../../../../../../Users/JacobWhite/Documents/Unreal Projects/Moonshine_V2_2/Content/Assets/Textures/T_Perlin_Noise_M.uasset" 51
"../../../../../../Users/JacobWhite/Documents/Unreal Projects/Moonshine_V2_2/Content/Assets/Textures/PlaceholderTextures/DummySpriteTexture.uasset" 52
"../../../../../../Users/JacobWhite/Documents/Unreal Projects/Moonshine_V2_2/Content/Assets/ThirdParty/FXVarietyPack/Textures/T_ky_bg.uasset" 53
"../../../../../../Users/JacobWhite/Documents/Unreal Projects/Moonshine_V2_2/Content/Assets/ThirdParty/FXVarietyPack/Materials/M_ky_subUV01.uasset" 54
"../../../../../../Users/JacobWhite/Documents/Unreal Projects/Moonshine_V2_2/Content/Assets/ThirdParty/FXVarietyPack/Materials/MI_ky_aura011_4x4.uasset" 55
"../../../../../../Users/JacobWhite/Documents/Unreal Projects/Moonshine_V2_2/Content/Assets/ThirdParty/FXVarietyPack/Materials/MI_ky_aura011_4x4_nonD.uasset" 56
"../../../Engine/Content/Functions/Engine_MaterialFunctions01/Gradient/LinearGradient.uasset" 57
"../../../../../../Users/JacobWhite/Documents/Unreal Projects/Moonshine_V2_2/Content/Assets/ThirdParty/FXVarietyPack/Materials/M_ky_aura9.uasset" 58
"../../../../../../Users/JacobWhite/Documents/Unreal Projects/Moonshine_V2_2/Content/Assets/ThirdParty/FXVarietyPack/Materials/MI_ky_aura9.uasset" 59
"../../../../../../Users/JacobWhite/Documents/Unreal Projects/Moonshine_V2_2/Content/Assets/ThirdParty/FXVarietyPack/Materials/M_ky_auraWall02.uasset" 60
"../../../../../../Users/JacobWhite/Documents/Unreal Projects/Moonshine_V2_2/Content/Assets/ThirdParty/FXVarietyPack/Materials/MI_ky_auraWall02_two.uasset" 61
"../../../../../../Users/JacobWhite/Documents/Unreal Projects/Moonshine_V2_2/Content/Assets/ThirdParty/FXVarietyPack/Materials/MI_ky_chantDecoAc.uasset" 62
"../../../../../../Users/JacobWhite/Documents/Unreal Projects/Moonshine_V2_2/Content/Assets/ThirdParty/FXVarietyPack/Materials/M_ky_base_anime.uasset" 63
"../../../../../../Users/JacobWhite/Documents/Unreal Projects/Moonshine_V2_2/Content/Assets/ThirdParty/FXVarietyPack/Materials/MI_ky_circle9_4x4c2.uasset" 64
"../../../../../../Users/JacobWhite/Documents/Unreal Projects/Moonshine_V2_2/Content/Assets/ThirdParty/FXVarietyPack/Materials/M_ky_base.uasset" 65
"../../../../../../Users/JacobWhite/Documents/Unreal Projects/Moonshine_V2_2/Content/Assets/ThirdParty/FXVarietyPack/Materials/MI_ky_circleDust.uasset" 66
"../../../../../../Users/JacobWhite/Documents/Unreal Projects/Moonshine_V2_2/Content/Assets/ThirdParty/FXVarietyPack/Textures/T_ky_noise6.uasset" 67
"../../../../../../Users/JacobWhite/Documents/Unreal Projects/Moonshine_V2_2/Content/Assets/ThirdParty/FXVarietyPack/Materials/MI_ky_dynDust.uasset" 68
"../../../../../../Users/JacobWhite/Documents/Unreal Projects/Moonshine_V2_2/Content/Assets/ThirdParty/FXVarietyPack/Materials/MI_ky_dynDust2.uasset" 69
"../../../../../../Users/JacobWhite/Documents/Unreal Projects/Moonshine_V2_2/Content/Assets/ThirdParty/FXVarietyPack/Materials/MI_ky_flareVertical03b_4x4.uasset" 70
"../../../Engine/Content/Functions/Engine_MaterialFunctions01/Density/ExponentialDensity.uasset" 71
"../../../Engine/Content/Functions/Engine_MaterialFunctions01/Gradient/RadialGradientExponential.uasset" 72
"../../../../../../Users/JacobWhite/Documents/Unreal Projects/Moonshine_V2_2/Content/Assets/ThirdParty/FXVarietyPack/Materials/Mfunction/MF_ky_VectorToRadialValue.uasset" 73
"../../../../../../Users/JacobWhite/Documents/Unreal Projects/Moonshine_V2_2/Content/Assets/ThirdParty/FXVarietyPack/Textures/T_ky_decoLines.uasset" 74
"../../../../../../Users/JacobWhite/Documents/Unreal Projects/Moonshine_V2_2/Content/Assets/ThirdParty/FXVarietyPack/Textures/T_ky_decoLinesB.uasset" 75
"../../../../../../Users/JacobWhite/Documents/Unreal Projects/Moonshine_V2_2/Content/Assets/ThirdParty/FXVarietyPack/Materials/M_ky_polar.uasset" 76
"../../../../../../Users/JacobWhite/Documents/Unreal Projects/Moonshine_V2_2/Content/Assets/ThirdParty/FXVarietyPack/Materials/MI_ky_polarC_two.uasset" 77
"../../../../../../Users/JacobWhite/Documents/Unreal Projects/Moonshine_V2_2/Content/Assets/ThirdParty/FXVarietyPack/Materials/MI_ky_primitive_dynB_nonD.uasset" 78
"../../../../../../Users/JacobWhite/Documents/Unreal Projects/Moonshine_V2_2/Content/Assets/ThirdParty/FXVarietyPack/Materials/MI_ky_primitive_dynB_two.uasset" 79
"../../../../../../Users/JacobWhite/Documents/Unreal Projects/Moonshine_V2_2/Content/Assets/ThirdParty/FXVarietyPack/Materials/MI_ky_shine01B.uasset" 80
"../../../../../../Users/JacobWhite/Documents/Unreal Projects/Moonshine_V2_2/Content/Assets/ThirdParty/FXVarietyPack/Materials/MI_ky_shine01R.uasset" 81
"../../../../../../Users/JacobWhite/Documents/Unreal Projects/Moonshine_V2_2/Content/Assets/ThirdParty/FXVarietyPack/Materials/MI_ky_shine01R_nonD.uasset" 82
"../../../../../../Users/JacobWhite/Documents/Unreal Projects/Moonshine_V2_2/Content/Assets/ThirdParty/FXVarietyPack/Materials/MI_ky_shockWave03g_4x4.uasset" 83
"../../../../../../Users/JacobWhite/Documents/Unreal Projects/Moonshine_V2_2/Content/Assets/ThirdParty/FXVarietyPack/Materials/MI_ky_shockwave10R_4x4_nonD.uasset" 84
"../../../../../../Users/JacobWhite/Documents/Unreal Projects/Moonshine_V2_2/Content/Assets/ThirdParty/FXVarietyPack/Textures/T_ky_smoke1.uasset" 85
"../../../../../../Users/JacobWhite/Documents/Unreal Projects/Moonshine_V2_2/Content/Assets/ThirdParty/FXVarietyPack/Materials/M_ky_smoke01.uasset" 86
"../../../../../../Users/JacobWhite/Documents/Unreal Projects/Moonshine_V2_2/Content/Assets/ThirdParty/FXVarietyPack/Materials/MI_ky_smoke01c.uasset" 87
"../../../../../../Users/JacobWhite/Documents/Unreal Projects/Moonshine_V2_2/Content/Assets/ThirdParty/FXVarietyPack/Materials/MI_ky_starDust_dis.uasset" 88
"../../../../../../Users/JacobWhite/Documents/Unreal Projects/Moonshine_V2_2/Content/Assets/ThirdParty/FXVarietyPack/Materials/MI_ky_starDust_sq.uasset" 89
"../../../../../../Users/JacobWhite/Documents/Unreal Projects/Moonshine_V2_2/Content/Assets/ThirdParty/FXVarietyPack/Materials/MI_ky_storm01_aqua.uasset" 90
"../../../../../../Users/JacobWhite/Documents/Unreal Projects/Moonshine_V2_2/Content/Assets/ThirdParty/FXVarietyPack/Materials/MI_ky_storm01_aqua_nonD.uasset" 91
"../../../../../../Users/JacobWhite/Documents/Unreal Projects/Moonshine_V2_2/Content/Assets/ThirdParty/FXVarietyPack/Materials/MI_ky_storm01_dark.uasset" 92
"../../../../../../Users/JacobWhite/Documents/Unreal Projects/Moonshine_V2_2/Content/Assets/ThirdParty/FXVarietyPack/Materials/MI_ky_storm01_dark_nonD.uasset" 93
"../../../../../../Users/JacobWhite/Documents/Unreal Projects/Moonshine_V2_2/Content/Assets/ThirdParty/FXVarietyPack/Materials/MI_ky_storm01_fire.uasset" 94
"../../../../../../Users/JacobWhite/Documents/Unreal Projects/Moonshine_V2_2/Content/Assets/ThirdParty/FXVarietyPack/Materials/MI_ky_storm01_fire_nonD1.uasset" 95
"../../../../../../Users/JacobWhite/Documents/Unreal Projects/Moonshine_V2_2/Content/Assets/ThirdParty/FXVarietyPack/Materials/MI_ky_storm01_nonD.uasset" 96
"../../../../../../Users/JacobWhite/Documents/Unreal Projects/Moonshine_V2_2/Content/Assets/ThirdParty/FXVarietyPack/Materials/MI_ky_storm01_thunder.uasset" 97
"../../../../../../Users/JacobWhite/Documents/Unreal Projects/Moonshine_V2_2/Content/Assets/ThirdParty/FXVarietyPack/Materials/MI_ky_storm01_thunder_nonD.uasset" 98
"../../../../../../Users/JacobWhite/Documents/Unreal Projects/Moonshine_V2_2/Content/Assets/ThirdParty/FXVarietyPack/Materials/MI_ky_stormDeco01_aqua.uasset" 99
"../../../../../../Users/JacobWhite/Documents/Unreal Projects/Moonshine_V2_2/Content/Assets/ThirdParty/FXVarietyPack/Materials/MI_ky_stormDeco01_dark.uasset" 100
"../../../../../../Users/JacobWhite/Documents/Unreal Projects/Moonshine_V2_2/Content/Assets/ThirdParty/FXVarietyPack/Materials/MI_ky_stormDeco01_fire.uasset" 101
"../../../../../../Users/JacobWhite/Documents/Unreal Projects/Moonshine_V2_2/Content/Assets/ThirdParty/FXVarietyPack/Materials/MI_ky_turbulence_smoke2d_trs.uasset" 102
"../../../../../../Users/JacobWhite/Documents/Unreal Projects/Moonshine_V2_2/Content/Assets/ThirdParty/FXVarietyPack/Materials/MI_ky_vortex04B_4x4_two.uasset" 103
"../../../Engine/Content/Functions/Engine_MaterialFunctions01/ImageAdjustment/BlurSampleOffsets.uasset" 104
"../../../Engine/Content/EngineDebugMaterials/HeatmapGradient.uasset" 105
"../../../Engine/Content/Functions/Engine_MaterialFunctions01/ImageAdjustment/CheapContrast_RGB.uasset" 106
"../../../Engine/Content/Functions/Engine_MaterialFunctions02/HueShift.uasset" 107
"../../../Engine/Content/Functions/Engine_MaterialFunctions02/Texturing/ScreenAlignedPixelToPixelUVs.uasset" 108
"../../../Engine/Content/Functions/Engine_MaterialFunctions02/Utility/BlendAngleCorrectedNormals.uasset" 109
"../../../Engine/Content/EngineMaterials/Good64x64TilingNoiseHighFreq.uasset" 110
"../../../Engine/Content/Functions/Engine_MaterialFunctions02/Utility/DitherTemporalAA.uasset" 111
"../../../../../../Users/JacobWhite/Documents/Unreal Projects/Moonshine_V2_2/Content/Assets/ThirdParty/IndustryPropsPack6/Textures/BaseTextures/B_N.uasset" 112
"../../../../../../Users/JacobWhite/Documents/Unreal Projects/Moonshine_V2_2/Content/Assets/ThirdParty/IndustryPropsPack6/Textures/BaseTextures/BB_D.uasset" 113
"../../../../../../Users/JacobWhite/Documents/Unreal Projects/Moonshine_V2_2/Content/Assets/ThirdParty/IndustryPropsPack6/Textures/BaseTextures/BG_D.uasset" 114
"../../../../../../Users/JacobWhite/Documents/Unreal Projects/Moonshine_V2_2/Content/Assets/ThirdParty/IndustryPropsPack6/Textures/BaseTextures/T_MASK1.uasset" 115
"../../../../../../Users/JacobWhite/Documents/Unreal Projects/Moonshine_V2_2/Content/Assets/ThirdParty/IndustryPropsPack6/Textures/BaseTextures/T_MASK2.uasset" 116
"../../../../../../Users/JacobWhite/Documents/Unreal Projects/Moonshine_V2_2/Content/Assets/ThirdParty/IndustryPropsPack6/Materials/BaseMaterial/M_base.uasset" 117
"../../../../../../Users/JacobWhite/Documents/Unreal Projects/Moonshine_V2_2/Content/Assets/ThirdParty/IndustryPropsPack6/Textures/T_Barrel01_D.uasset" 118
"../../../../../../Users/JacobWhite/Documents/Unreal Projects/Moonshine_V2_2/Content/Assets/ThirdParty/IndustryPropsPack6/Textures/T_Barrel01_N.uasset" 119
"../../../../../../Users/JacobWhite/Documents/Unreal Projects/Moonshine_V2_2/Content/Assets/ThirdParty/IndustryPropsPack6/Textures/T_Barrel01_SRM.uasset" 120
"../../../../../../Users/JacobWhite/Documents/Unreal Projects/Moonshine_V2_2/Content/Assets/ThirdParty/IndustryPropsPack6/Materials/MI_Barrel01_3.uasset" 121
"../../../../../../Users/JacobWhite/Documents/Unreal Projects/Moonshine_V2_2/Content/Assets/ThirdParty/IndustryPropsPack6/Materials/MI_Barrel01_4.uasset" 122
"../../../../../../Users/JacobWhite/Documents/Unreal Projects/Moonshine_V2_2/Content/Assets/ThirdParty/IndustryPropsPack6/Materials/MI_Barrel01_5.uasset" 123
"../../../../../../Users/JacobWhite/Documents/Unreal Projects/Moonshine_V2_2/Content/Assets/ThirdParty/IndustryPropsPack6/Materials/MI_Barrel01_6.uasset" 124
"../../../../../../Users/JacobWhite/Documents/Unreal Projects/Moonshine_V2_2/Content/Assets/ThirdParty/IndustryPropsPack6/Textures/T_Box01_D.uasset" 125
"../../../../../../Users/JacobWhite/Documents/Unreal Projects/Moonshine_V2_2/Content/Assets/ThirdParty/IndustryPropsPack6/Textures/T_Box01_N.uasset" 126
"../../../../../../Users/JacobWhite/Documents/Unreal Projects/Moonshine_V2_2/Content/Assets/ThirdParty/IndustryPropsPack6/Textures/T_Box01_SRM.uasset" 127
"../../../../../../Users/JacobWhite/Documents/Unreal Projects/Moonshine_V2_2/Content/Assets/ThirdParty/IndustryPropsPack6/Materials/MI_Box01_1.uasset" 128
"../../../../../../Users/JacobWhite/Documents/Unreal Projects/Moonshine_V2_2/Content/Assets/ThirdParty/IndustryPropsPack6/Materials/MI_Box01_3.uasset" 129
"../../../../../../Users/JacobWhite/Documents/Unreal Projects/Moonshine_V2_2/Content/Assets/ThirdParty/IndustryPropsPack6/Materials/MI_Box01_4.uasset" 130
"../../../../../../Users/JacobWhite/Documents/Unreal Projects/Moonshine_V2_2/Content/Assets/ThirdParty/IndustryPropsPack6/Textures/T_Cartonbox01_D.uasset" 131
"../../../../../../Users/JacobWhite/Documents/Unreal Projects/Moonshine_V2_2/Content/Assets/ThirdParty/IndustryPropsPack6/Textures/T_Cartonbox01_N.uasset" 132
"../../../../../../Users/JacobWhite/Documents/Unreal Projects/Moonshine_V2_2/Content/Assets/ThirdParty/IndustryPropsPack6/Textures/T_Cartonbox01_SRM.uasset" 133
"../../../../../../Users/JacobWhite/Documents/Unreal Projects/Moonshine_V2_2/Content/Assets/ThirdParty/IndustryPropsPack6/Materials/MI_Cartonbox01_2.uasset" 134
"../../../../../../Users/JacobWhite/Documents/Unreal Projects/Moonshine_V2_2/Content/Assets/ThirdParty/IndustryPropsPack6/Materials/MI_Gray.uasset" 135
"../../../../../../Users/JacobWhite/Documents/Unreal Projects/Moonshine_V2_2/Content/Assets/ThirdParty/IndustryPropsPack6/Textures/T_Hose_D.uasset" 136
"../../../../../../Users/JacobWhite/Documents/Unreal Projects/Moonshine_V2_2/Content/Assets/ThirdParty/IndustryPropsPack6/Textures/T_Hose_N.uasset" 137
"../../../../../../Users/JacobWhite/Documents/Unreal Projects/Moonshine_V2_2/Content/Assets/ThirdParty/IndustryPropsPack6/Textures/T_Hose_SRM.uasset" 138
"../../../../../../Users/JacobWhite/Documents/Unreal Projects/Moonshine_V2_2/Content/Assets/ThirdParty/IndustryPropsPack6/Materials/MI_Hose01_2.uasset" 139
"../../../../../../Users/JacobWhite/Documents/Unreal Projects/Moonshine_V2_2/Content/Assets/ThirdParty/IndustryPropsPack6/Textures/T_Newspaper01_D.uasset" 140
"../../../../../../Users/JacobWhite/Documents/Unreal Projects/Moonshine_V2_2/Content/Assets/ThirdParty/IndustryPropsPack6/Textures/T_Newspaper01_N.uasset" 141
"../../../../../../Users/JacobWhite/Documents/Unreal Projects/Moonshine_V2_2/Content/Assets/ThirdParty/IndustryPropsPack6/Textures/T_Newspaper01_SRM.uasset" 142
"../../../../../../Users/JacobWhite/Documents/Unreal Projects/Moonshine_V2_2/Content/Assets/ThirdParty/IndustryPropsPack6/Materials/MI_Newspaper01_2.uasset" 143
"../../../../../../Users/JacobWhite/Documents/Unreal Projects/Moonshine_V2_2/Content/Assets/ThirdParty/IndustryPropsPack6/Textures/T_Tarp01_N.uasset" 144
"../../../../../../Users/JacobWhite/Documents/Unreal Projects/Moonshine_V2_2/Content/Assets/ThirdParty/IndustryPropsPack6/Textures/T_Tarp01_SRM.uasset" 145
"../../../../../../Users/JacobWhite/Documents/Unreal Projects/Moonshine_V2_2/Content/Assets/ThirdParty/IndustryPropsPack6/Textures/T_Tarp02_D.uasset" 146
"../../../../../../Users/JacobWhite/Documents/Unreal Projects/Moonshine_V2_2/Content/Assets/ThirdParty/IndustryPropsPack6/Materials/MI_Tarp01_2.uasset" 147
"../../../../../../Users/JacobWhite/Documents/Unreal Projects/Moonshine_V2_2/Content/Assets/ThirdParty/IndustryPropsPack6/Materials/MI_Barrel01_1.uasset" 148
"../../../../../../Users/JacobWhite/Documents/Unreal Projects/Moonshine_V2_2/Content/Assets/ThirdParty/IndustryPropsPack6/Meshes/SM_Barrel01.uasset" 149
"../../../../../../Users/JacobWhite/Documents/Unreal Projects/Moonshine_V2_2/Content/Assets/ThirdParty/IndustryPropsPack6/Meshes/SM_Barrel02.uasset" 150
"../../../../../../Users/JacobWhite/Documents/Unreal Projects/Moonshine_V2_2/Content/Assets/ThirdParty/IndustryPropsPack6/Meshes/SM_Barrel03.uasset" 151
"../../../../../../Users/JacobWhite/Documents/Unreal Projects/Moonshine_V2_2/Content/Assets/ThirdParty/IndustryPropsPack6/Textures/T_Tarp01_D.uasset" 152
"../../../../../../Users/JacobWhite/Documents/Unreal Projects/Moonshine_V2_2/Content/Assets/ThirdParty/IndustryPropsPack6/Materials/MI_Tarp01_1.uasset" 153
"../../../../../../Users/JacobWhite/Documents/Unreal Projects/Moonshine_V2_2/Content/Assets/ThirdParty/IndustryPropsPack6/Meshes/SM_Barrel04.uasset" 154
"../../../../../../Users/JacobWhite/Documents/Unreal Projects/Moonshine_V2_2/Content/Assets/ThirdParty/IndustryPropsPack6/Materials/MI_Box01_2.uasset" 155
"../../../../../../Users/JacobWhite/Documents/Unreal Projects/Moonshine_V2_2/Content/Assets/ThirdParty/IndustryPropsPack6/Meshes/SM_Box01.uasset" 156
"../../../../../../Users/JacobWhite/Documents/Unreal Projects/Moonshine_V2_2/Content/Assets/ThirdParty/IndustryPropsPack6/Meshes/SM_Box02.uasset" 157
"../../../../../../Users/JacobWhite/Documents/Unreal Projects/Moonshine_V2_2/Content/Assets/ThirdParty/IndustryPropsPack6/Materials/MI_Cartonbox01_1.uasset" 158
"../../../../../../Users/JacobWhite/Documents/Unreal Projects/Moonshine_V2_2/Content/Assets/ThirdParty/IndustryPropsPack6/Meshes/SM_CartonBox01.uasset" 159
"../../../../../../Users/JacobWhite/Documents/Unreal Projects/Moonshine_V2_2/Content/Assets/ThirdParty/IndustryPropsPack6/Meshes/SM_CartonBox02.uasset" 160
"../../../../../../Users/JacobWhite/Documents/Unreal Projects/Moonshine_V2_2/Content/Assets/ThirdParty/IndustryPropsPack6/Meshes/SM_CartonBox03.uasset" 161
"../../../../../../Users/JacobWhite/Documents/Unreal Projects/Moonshine_V2_2/Content/Assets/ThirdParty/IndustryPropsPack6/Meshes/SM_CartonGarbage01.uasset" 162
"../../../../../../Users/JacobWhite/Documents/Unreal Projects/Moonshine_V2_2/Content/Assets/ThirdParty/IndustryPropsPack6/Meshes/SM_CartonGarbage02.uasset" 163
"../../../../../../Users/JacobWhite/Documents/Unreal Projects/Moonshine_V2_2/Content/Assets/ThirdParty/IndustryPropsPack6/Meshes/SM_CartonGarbage03.uasset" 164
"../../../../../../Users/JacobWhite/Documents/Unreal Projects/Moonshine_V2_2/Content/Assets/ThirdParty/IndustryPropsPack6/Meshes/SM_CartonGarbage04.uasset" 165
"../../../../../../Users/JacobWhite/Documents/Unreal Projects/Moonshine_V2_2/Content/Assets/ThirdParty/IndustryPropsPack6/Meshes/SM_CartonGarbage05.uasset" 166
"../../../../../../Users/JacobWhite/Documents/Unreal Projects/Moonshine_V2_2/Content/Assets/ThirdParty/IndustryPropsPack6/Meshes/SM_CartonGarbage06.uasset" 167
"../../../../../../Users/JacobWhite/Documents/Unreal Projects/Moonshine_V2_2/Content/Assets/ThirdParty/IndustryPropsPack6/Meshes/SM_CartonGarbage07.uasset" 168
"../../../../../../Users/JacobWhite/Documents/Unreal Projects/Moonshine_V2_2/Content/Assets/ThirdParty/IndustryPropsPack6/Meshes/SM_CartonGarbage08.uasset" 169
"../../../../../../Users/JacobWhite/Documents/Unreal Projects/Moonshine_V2_2/Content/Assets/ThirdParty/IndustryPropsPack6/Meshes/SM_CartonGarbage09.uasset" 170
"../../../../../../Users/JacobWhite/Documents/Unreal Projects/Moonshine_V2_2/Content/Assets/ThirdParty/IndustryPropsPack6/Materials/MI_Hose01_1.uasset" 171
"../../../../../../Users/JacobWhite/Documents/Unreal Projects/Moonshine_V2_2/Content/Assets/ThirdParty/IndustryPropsPack6/Meshes/SM_Hose01.uasset" 172
"../../../../../../Users/JacobWhite/Documents/Unreal Projects/Moonshine_V2_2/Content/Assets/ThirdParty/IndustryPropsPack6/Materials/MI_Newspaper01_1.uasset" 173
"../../../../../../Users/JacobWhite/Documents/Unreal Projects/Moonshine_V2_2/Content/Assets/ThirdParty/IndustryPropsPack6/Meshes/SM_Newspaper01.uasset" 174
"../../../../../../Users/JacobWhite/Documents/Unreal Projects/Moonshine_V2_2/Content/Assets/ThirdParty/IndustryPropsPack6/Meshes/SM_Newspaper02.uasset" 175
"../../../../../../Users/JacobWhite/Documents/Unreal Projects/Moonshine_V2_2/Content/Assets/ThirdParty/IndustryPropsPack6/Meshes/SM_Newspaper03.uasset" 176
"../../../../../../Users/JacobWhite/Documents/Unreal Projects/Moonshine_V2_2/Content/Assets/ThirdParty/IndustryPropsPack6/Meshes/SM_Pallet01.uasset" 177
"../../../../../../Users/JacobWhite/Documents/Unreal Projects/Moonshine_V2_2/Content/Assets/ThirdParty/IndustryPropsPack6/Textures/T_Rack_D.uasset" 178
"../../../../../../Users/JacobWhite/Documents/Unreal Projects/Moonshine_V2_2/Content/Assets/ThirdParty/IndustryPropsPack6/Textures/T_Rack_N.uasset" 179
"../../../../../../Users/JacobWhite/Documents/Unreal Projects/Moonshine_V2_2/Content/Assets/ThirdParty/IndustryPropsPack6/Textures/T_Rack_SRM.uasset" 180
"../../../../../../Users/JacobWhite/Documents/Unreal Projects/Moonshine_V2_2/Content/Assets/ThirdParty/IndustryPropsPack6/Materials/MI_Rack01_1.uasset" 181
"../../../../../../Users/JacobWhite/Documents/Unreal Projects/Moonshine_V2_2/Content/Assets/ThirdParty/IndustryPropsPack6/Meshes/SM_Rack01.uasset" 182
"../../../../../../Users/JacobWhite/Documents/Unreal Projects/Moonshine_V2_2/Content/Assets/ThirdParty/IndustryPropsPack6/Meshes/SM_Rack02.uasset" 183
"../../../../../../Users/JacobWhite/Documents/Unreal Projects/Moonshine_V2_2/Content/Assets/ThirdParty/IndustryPropsPack6/Meshes/SM_Tarp01.uasset" 184
"../../../../../../Users/JacobWhite/Documents/Unreal Projects/Moonshine_V2_2/Content/Assets/ThirdParty/IndustryPropsPack6/Meshes/SM_Tarp02.uasset" 185
"../../../../../../Users/JacobWhite/Documents/Unreal Projects/Moonshine_V2_2/Content/Assets/ThirdParty/IndustryPropsPack6/Textures/T_TrafficBarrel01_D.uasset" 186
"../../../../../../Users/JacobWhite/Documents/Unreal Projects/Moonshine_V2_2/Content/Assets/ThirdParty/IndustryPropsPack6/Textures/T_TrafficBarrel01_N.uasset" 187
"../../../../../../Users/JacobWhite/Documents/Unreal Projects/Moonshine_V2_2/Content/Assets/ThirdParty/IndustryPropsPack6/Textures/T_TrafficBarrel01_SRM.uasset" 188
"../../../../../../Users/JacobWhite/Documents/Unreal Projects/Moonshine_V2_2/Content/Assets/ThirdParty/IndustryPropsPack6/Materials/MI_TrafficBarrel01_1.uasset" 189
"../../../../../../Users/JacobWhite/Documents/Unreal Projects/Moonshine_V2_2/Content/Assets/ThirdParty/IndustryPropsPack6/Meshes/SM_TrafficBarrel01.uasset" 190
"../../../../../../Users/JacobWhite/Documents/Unreal Projects/Moonshine_V2_2/Content/Assets/ThirdParty/IndustryPropsPack6/Textures/T_WaterTank01_D.uasset" 191
"../../../../../../Users/JacobWhite/Documents/Unreal Projects/Moonshine_V2_2/Content/Assets/ThirdParty/IndustryPropsPack6/Textures/T_WaterTank01_N.uasset" 192
"../../../../../../Users/JacobWhite/Documents/Unreal Projects/Moonshine_V2_2/Content/Assets/ThirdParty/IndustryPropsPack6/Textures/T_WaterTank01_SRM.uasset" 193
"../../../../../../Users/JacobWhite/Documents/Unreal Projects/Moonshine_V2_2/Content/Assets/ThirdParty/IndustryPropsPack6/Materials/MI_WaterTank01.uasset" 194
"../../../../../../Users/JacobWhite/Documents/Unreal Projects/Moonshine_V2_2/Content/Assets/ThirdParty/IndustryPropsPack6/Meshes/SM_WaterTank01.uasset" 195
"../../../../../../Users/JacobWhite/Documents/Unreal Projects/Moonshine_V2_2/Content/Assets/ThirdParty/IndustryPropsPack6/Textures/T_Tarp02_N.uasset" 196
"../../../../../../Users/JacobWhite/Documents/Unreal Projects/Moonshine_V2_2/Content/Assets/ThirdParty/IndustryPropsPack6/Textures/BaseTextures/BW_D.uasset" 197
"../../../../../../Users/JacobWhite/Documents/Unreal Projects/Moonshine_V2_2/Content/Assets/ThirdParty/IndustryPropsPack6/Textures/BaseTextures/TC_HDR01.uasset" 198
"../../../../../../Users/JacobWhite/Documents/Unreal Projects/Moonshine_V2_2/Content/Assets/ThirdParty/IndustryPropsPack6/Textures/BaseTextures/TC_HDR02.uasset" 199
"../../../../../../Users/JacobWhite/Documents/Unreal Projects/Moonshine_V2_2/Content/Assets/ThirdParty/IndustryPropsPack6/Textures/BaseTextures/T_Dirt_N.uasset" 200
"../../../../../../Users/JacobWhite/Documents/Unreal Projects/Moonshine_V2_2/Content/Assets/ThirdParty/IndustryPropsPack6/Textures/BaseTextures/T_gradient_D.uasset" 201
"../../../../../../Users/JacobWhite/Documents/Unreal Projects/Moonshine_V2_2/Content/Assets/ThirdParty/StarterContent/Character/Mesh/SK_Mannequin_Arms_Skeleton.uasset" 202
"../../../../../../Users/JacobWhite/Documents/Unreal Projects/Moonshine_V2_2/Content/Assets/ThirdParty/StarterContent/Animations/FirstPerson_Fire.uasset" 203
"../../../../../../Users/JacobWhite/Documents/Unreal Projects/Moonshine_V2_2/Content/Assets/ThirdParty/StarterContent/Animations/FirstPersonFire_Montage.uasset" 204
"../../../../../../Users/JacobWhite/Documents/Unreal Projects/Moonshine_V2_2/Content/Assets/ThirdParty/StarterContent/Animations/FirstPerson_Idle.uasset" 205
"../../../../../../Users/JacobWhite/Documents/Unreal Projects/Moonshine_V2_2/Content/Assets/ThirdParty/StarterContent/Animations/FirstPerson_JumpEnd.uasset" 206
"../../../../../../Users/JacobWhite/Documents/Unreal Projects/Moonshine_V2_2/Content/Assets/ThirdParty/StarterContent/Animations/FirstPerson_JumpLoop.uasset" 207
"../../../../../../Users/JacobWhite/Documents/Unreal Projects/Moonshine_V2_2/Content/Assets/ThirdParty/StarterContent/Animations/FirstPerson_JumpStart.uasset" 208
"../../../../../../Users/JacobWhite/Documents/Unreal Projects/Moonshine_V2_2/Content/Assets/ThirdParty/StarterContent/Animations/FirstPerson_Run.uasset" 209
"../../../Engine/Content/EditorBlueprintResources/StandardMacros.uasset" 210
"../../../../../../Users/JacobWhite/Documents/Unreal Projects/Moonshine_V2_2/Content/Assets/ThirdParty/StarterContent/Animations/FirstPerson_AnimBP.uasset" 211
"../../../../../../Users/JacobWhite/Documents/Unreal Projects/Moonshine_V2_2/Content/Assets/ThirdParty/StarterContent/Audio/FirstPersonTemplateWeaponFire02.uasset" 212
"../../../Engine/Content/Functions/MaterialLayerFunctions/MatLayerBlend_NormalBlend.uasset" 213
"../../../Engine/Content/Functions/MaterialLayerFunctions/MatLayerBlend_Simple.uasset" 214
"../../../../../../Users/JacobWhite/Documents/Unreal Projects/Moonshine_V2_2/Content/Assets/ThirdParty/StarterContent/Character/Materials/MaterialLayers/T_ML_Rubber_Blue_01_D.uasset" 215
"../../../../../../Users/JacobWhite/Documents/Unreal Projects/Moonshine_V2_2/Content/Assets/ThirdParty/StarterContent/Character/Materials/MaterialLayers/T_ML_Rubber_Blue_01_N.uasset" 216
"../../../../../../Users/JacobWhite/Documents/Unreal Projects/Moonshine_V2_2/Content/Assets/ThirdParty/StarterContent/Character/Materials/MaterialLayers/ML_GlossyBlack_Latex_UE4.uasset" 217
"../../../../../../Users/JacobWhite/Documents/Unreal Projects/Moonshine_V2_2/Content/Assets/ThirdParty/StarterContent/Character/Materials/MaterialLayers/ML_Plastic_Shiny_Beige.uasset" 218
"../../../../../../Users/JacobWhite/Documents/Unreal Projects/Moonshine_V2_2/Content/Assets/ThirdParty/StarterContent/Character/Textures/UE4_LOGO_CARD.uasset" 219
"../../../../../../Users/JacobWhite/Documents/Unreal Projects/Moonshine_V2_2/Content/Assets/ThirdParty/StarterContent/Character/Materials/MaterialLayers/ML_Plastic_Shiny_Beige_LOGO.uasset" 220
"../../../../../../Users/JacobWhite/Documents/Unreal Projects/Moonshine_V2_2/Content/Assets/ThirdParty/StarterContent/Character/Materials/MaterialLayers/T_ML_Aluminum01.uasset" 221
"../../../../../../Users/JacobWhite/Documents/Unreal Projects/Moonshine_V2_2/Content/Assets/ThirdParty/StarterContent/Character/Materials/MaterialLayers/T_ML_Aluminum01_N.uasset" 222
"../../../../../../Users/JacobWhite/Documents/Unreal Projects/Moonshine_V2_2/Content/Assets/ThirdParty/StarterContent/Character/Materials/MaterialLayers/ML_SoftMetal_UE4.uasset" 223
"../../../../../../Users/JacobWhite/Documents/Unreal Projects/Moonshine_V2_2/Content/Assets/ThirdParty/StarterContent/Character/Textures/UE4_Mannequin__normals.uasset" 224
"../../../../../../Users/JacobWhite/Documents/Unreal Projects/Moonshine_V2_2/Content/Assets/ThirdParty/StarterContent/Character/Textures/UE4_Mannequin_MAT_MASKA.uasset" 225
"../../../../../../Users/JacobWhite/Documents/Unreal Projects/Moonshine_V2_2/Content/Assets/ThirdParty/StarterContent/Character/Materials/M_UE4Man_Body.uasset" 226
"../../../../../../Users/JacobWhite/Documents/Unreal Projects/Moonshine_V2_2/Content/Assets/ThirdParty/StarterContent/Character/Mesh/SK_Mannequin_Arms_PhysicsAsset.uasset" 227
"../../../../../../Users/JacobWhite/Documents/Unreal Projects/Moonshine_V2_2/Content/Assets/ThirdParty/StarterContent/Character/Mesh/SK_Mannequin_Arms.uasset" 228
"../../../../../../Users/JacobWhite/Documents/Unreal Projects/Moonshine_V2_2/Content/Assets/ThirdParty/StarterContent/FPWeapon/Materials/MaterialLayers/ML_Plastic_Shiny_Beige_LOGO.uasset" 229
"../../../../../../Users/JacobWhite/Documents/Unreal Projects/Moonshine_V2_2/Content/Assets/ThirdParty/StarterContent/FPWeapon/Materials/MaterialLayers/T_ML_FineRubber.uasset" 230
"../../../../../../Users/JacobWhite/Documents/Unreal Projects/Moonshine_V2_2/Content/Assets/ThirdParty/StarterContent/FPWeapon/Materials/MaterialLayers/T_ML_Rubber_Blue_01_D.uasset" 231
"../../../../../../Users/JacobWhite/Documents/Unreal Projects/Moonshine_V2_2/Content/Assets/ThirdParty/StarterContent/FPWeapon/Materials/MaterialLayers/T_ML_Rubber_Blue_01_N.uasset" 232
"../../../../../../Users/JacobWhite/Documents/Unreal Projects/Moonshine_V2_2/Content/Assets/ThirdParty/StarterContent/FPWeapon/Materials/MaterialLayers/ML_GlossyBlack_Latex_UE4.uasset" 233
"../../../../../../Users/JacobWhite/Documents/Unreal Projects/Moonshine_V2_2/Content/Assets/ThirdParty/StarterContent/FPWeapon/Materials/MaterialLayers/ML_Plastic_Shiny_Beige.uasset" 234
"../../../../../../Users/JacobWhite/Documents/Unreal Projects/Moonshine_V2_2/Content/Assets/ThirdParty/StarterContent/FPWeapon/Materials/MaterialLayers/ML_Screen.uasset" 235
"../../../../../../Users/JacobWhite/Documents/Unreal Projects/Moonshine_V2_2/Content/Assets/ThirdParty/StarterContent/FPWeapon/Materials/MaterialLayers/T_ML_Aluminum01.uasset" 236
"../../../../../../Users/JacobWhite/Documents/Unreal Projects/Moonshine_V2_2/Content/Assets/ThirdParty/StarterContent/FPWeapon/Materials/MaterialLayers/T_ML_Aluminum01_N.uasset" 237
"../../../../../../Users/JacobWhite/Documents/Unreal Projects/Moonshine_V2_2/Content/Assets/ThirdParty/StarterContent/FPWeapon/Materials/MaterialLayers/ML_SoftMetal_UE4.uasset" 238
"../../../../../../Users/JacobWhite/Documents/Unreal Projects/Moonshine_V2_2/Content/Assets/ThirdParty/StarterContent/FPWeapon/Textures/T_FPGun_M.uasset" 239
"../../../../../../Users/JacobWhite/Documents/Unreal Projects/Moonshine_V2_2/Content/Assets/ThirdParty/StarterContent/FPWeapon/Textures/T_FPGun_N.uasset" 240
"../../../../../../Users/JacobWhite/Documents/Unreal Projects/Moonshine_V2_2/Content/Assets/ThirdParty/StarterContent/FPWeapon/Materials/M_FPGun.uasset" 241
"../../../../../../Users/JacobWhite/Documents/Unreal Projects/Moonshine_V2_2/Content/Assets/ThirdParty/StarterContent/FPWeapon/Mesh/SK_FPGun_Skeleton.uasset" 242
"../../../../../../Users/JacobWhite/Documents/Unreal Projects/Moonshine_V2_2/Content/Assets/ThirdParty/StarterContent/FPWeapon/Mesh/SK_FPGun.uasset" 243
"../../../../../../Users/JacobWhite/Documents/Unreal Projects/Moonshine_V2_2/Content/Assets/ThirdParty/StarterContent/FPWeapon/Mesh/SK_FPGun_PhysicsAsset.uasset" 244
"../../../../../../Users/JacobWhite/Documents/Unreal Projects/Moonshine_V2_2/Content/Assets/ThirdParty/StarterContent/Geometry/Meshes/CubeMaterial.uasset" 245
"../../../../../../Users/JacobWhite/Documents/Unreal Projects/Moonshine_V2_2/Content/Assets/ThirdParty/StarterContent/Geometry/Meshes/1M_Cube_Chamfer.uasset" 246
"../../../../../../Users/JacobWhite/Documents/Unreal Projects/Moonshine_V2_2/Content/Assets/ThirdParty/StarterContent/Geometry/Meshes/TemplateFloor.uasset" 247
"../../../../../../Users/JacobWhite/Documents/Unreal Projects/Moonshine_V2_2/Content/Assets/ThirdParty/StarterContent/Meshes/BaseMaterial.uasset" 248
"../../../../../../Users/JacobWhite/Documents/Unreal Projects/Moonshine_V2_2/Content/Assets/ThirdParty/StarterContent/Meshes/FirstPersonProjectileMaterial.uasset" 249
"../../../../../../Users/JacobWhite/Documents/Unreal Projects/Moonshine_V2_2/Content/Assets/ThirdParty/StarterContent/Meshes/FirstPersonProjectileMesh.uasset" 250
"../../../Engine/Content/EngineSky/T_Sky_Blue.uasset" 251
"../../../Engine/Content/EngineSky/T_Sky_Clouds_M.uasset" 252
"../../../Engine/Content/EngineSky/T_Sky_Stars.uasset" 253
"../../../Engine/Content/EngineSky/M_Sky_Panning_Clouds2.uasset" 254
"../../../Engine/Content/EngineSky/SM_SkySphere.uasset" 255
"../../../../../../Users/JacobWhite/Documents/Unreal Projects/Moonshine_V2_2/Content/Blueprints/BP_Environment/BP_Skycube.uasset" 256
"../../../../../../Users/JacobWhite/Documents/Unreal Projects/Moonshine_V2_2/Content/Blueprints/BP_Skycube.uasset" 257
"../../../../../../Users/JacobWhite/Documents/Unreal Projects/Moonshine_V2_2/Content/Assets/Models/MapAssets/Assets/Materials/WOOD2.uasset" 258
"../../../../../../Users/JacobWhite/Documents/Unreal Projects/Moonshine_V2_2/Content/Assets/Models/StaticMesh/SM_DestructibleFence.uasset" 259
"../../../../../../Users/JacobWhite/Documents/Unreal Projects/Moonshine_V2_2/Content/Assets/Destructibles/SM_DestructibleFence_DM.uasset" 260
"../../../../../../Users/JacobWhite/Documents/Unreal Projects/Moonshine_V2_2/Content/Blueprints/BP_Environment/BP_DestructibleFence.uasset" 261
"../../../../../../Users/JacobWhite/Documents/Unreal Projects/Moonshine_V2_2/Content/Blueprints/BP_DestructibleFence.uasset" 262
"../../../../../../Users/JacobWhite/Documents/Unreal Projects/Moonshine_V2_2/Content/Blueprints/BP_Neutral/BP_DestructibleFence.uasset" 263
"../../../../../../Users/JacobWhite/Documents/Unreal Projects/Moonshine_V2_2/Content/Blueprints/BP_Neutral/BP_NeutralBlackboard.uasset" 264
"../../../../../../Users/JacobWhite/Documents/Unreal Projects/Moonshine_V2_2/Content/Blueprints/RobotSide/BP_Minions/Controllers/BP_MinionBlackboard.uasset" 265
"../../../../../../Users/JacobWhite/Documents/Unreal Projects/Moonshine_V2_2/Content/Blueprints/RobotSide/BP_Minions/Controllers/Decorators/BTD_IsTowerNearby.uasset" 266
"../../../../../../Users/JacobWhite/Documents/Unreal Projects/Moonshine_V2_2/Content/Assets/Models/StaticMesh/Structures/SM_Core.uasset" 267
"../../../../../../Users/JacobWhite/Documents/Unreal Projects/Moonshine_V2_2/Content/Blueprints/MechSide/BP_Structures/BP_Core.uasset" 268
"../../../../../../Users/JacobWhite/Documents/Unreal Projects/Moonshine_V2_2/Content/Assets/Materials/M_RobotProjectile.uasset" 269
"../../../Engine/Content/EngineMaterials/DefaultMaterial.uasset" 270
"../../../Engine/Content/BasicShapes/Sphere.uasset" 271
"../../../../../../Users/JacobWhite/Documents/Unreal Projects/Moonshine_V2_2/Content/Blueprints/RobotSide/BP_Minions/BP_LaserTracer.uasset" 272
"../../../../../../Users/JacobWhite/Documents/Unreal Projects/Moonshine_V2_2/Content/Blueprints/RobotSide/BP_Minions/Controllers/Tasks/BTT_AttackCore.uasset" 273
"../../../../../../Users/JacobWhite/Documents/Unreal Projects/Moonshine_V2_2/Content/Assets/Materials/Enivironment/Grass.uasset" 274
"../../../Engine/Content/BasicShapes/Cube.uasset" 275
"../../../../../../Users/JacobWhite/Documents/Unreal Projects/Moonshine_V2_2/Content/Blueprints/MechSide/BP_Structures/BP_LaneObjective.uasset" 276
"../../../../../../Users/JacobWhite/Documents/Unreal Projects/Moonshine_V2_2/Content/Blueprints/RobotSide/BP_Minions/Controllers/Tasks/BTT_AttackObjective.uasset" 277
"../../../../../../Users/JacobWhite/Documents/Unreal Projects/Moonshine_V2_2/Content/Blueprints/BP_Neutral/BP_NeutralController.uasset" 278
"../../../../../../Users/JacobWhite/Documents/Unreal Projects/Moonshine_V2_2/Content/Assets/Models/MapAssets/Assets/Level_Assests/Assets/Level_Assests/Hail_Yellow.uasset" 279
"../../../../../../Users/JacobWhite/Documents/Unreal Projects/Moonshine_V2_2/Content/Assets/Models/StaticMesh/Enemies/SM_RobotBod.uasset" 280
"../../../../../../Users/JacobWhite/Documents/Unreal Projects/Moonshine_V2_2/Content/Blueprints/BP_Neutral/BP_NeutralMonster.uasset" 281
"../../../../../../Users/JacobWhite/Documents/Unreal Projects/Moonshine_V2_2/Content/Blueprints/MechSide/BP_Weapons/BP_CameraShake/MiniGun.uasset" 282
"../../../../../../Users/JacobWhite/Documents/Unreal Projects/Moonshine_V2_2/Content/Assets/Materials/M_BaseProjectile.uasset" 283
"../../../Engine/Content/BasicShapes/Cone.uasset" 284
"../../../../../../Users/JacobWhite/Documents/Unreal Projects/Moonshine_V2_2/Content/Blueprints/MechSide/BP_Weapons/BP_ProjectileTracer.uasset" 285
"../../../../../../Users/JacobWhite/Documents/Unreal Projects/Moonshine_V2_2/Content/Assets/Models/StaticMesh/TurretBase.uasset" 286
"../../../../../../Users/JacobWhite/Documents/Unreal Projects/Moonshine_V2_2/Content/Assets/ThirdParty/FXVarietyPack/Materials/MI_ky_polarG_nonD.uasset" 287
"../../../../../../Users/JacobWhite/Documents/Unreal Projects/Moonshine_V2_2/Content/Assets/ThirdParty/FXVarietyPack/Textures/T_ky_shockwave12_4x4.uasset" 288
"../../../../../../Users/JacobWhite/Documents/Unreal Projects/Moonshine_V2_2/Content/Assets/ThirdParty/FXVarietyPack/Materials/MI_ky_shockwave12_4x4.uasset" 289
"../../../../../../Users/JacobWhite/Documents/Unreal Projects/Moonshine_V2_2/Content/Assets/ThirdParty/FXVarietyPack/Particles/P_Explosion.uasset" 290
"../../../../../../Users/JacobWhite/Documents/Unreal Projects/Moonshine_V2_2/Content/Assets/Destructibles/TurretBase_DM.uasset" 291
"../../../../../../Users/JacobWhite/Documents/Unreal Projects/Moonshine_V2_2/Content/Assets/Models/StaticMesh/Structures/SM_TowerGun.uasset" 292
"../../../../../../Users/JacobWhite/Documents/Unreal Projects/Moonshine_V2_2/Content/Assets/ThirdParty/FXVarietyPack/Particles/P_MuzzleFlare.uasset" 293
"../../../../../../Users/JacobWhite/Documents/Unreal Projects/Moonshine_V2_2/Content/Blueprints/MechSide/BP_Structures/BP_Tower.uasset" 294
"../../../../../../Users/JacobWhite/Documents/Unreal Projects/Moonshine_V2_2/Content/SM_LaserCylinder.uasset" 295
"../../../../../../Users/JacobWhite/Documents/Unreal Projects/Moonshine_V2_2/Content/Blueprints/RobotSide/BP_OverlordPlayer/BP_LaserSpline.uasset" 296
"../../../Engine/Content/EngineMaterials/DefaultCubemap.uasset" 297
"../../../Engine/Content/EngineMaterials/CubeMaterial.uasset" 298
"../../../Engine/Content/EngineMeshes/SkeletalCube_Skeleton.uasset" 299
"../../../Engine/Content/EngineMeshes/SkeletalCube.uasset" 300
"../../../../../../Users/JacobWhite/Documents/Unreal Projects/Moonshine_V2_2/Content/BigBadBoss_Pyramid001.uasset" 301
"../../../../../../Users/JacobWhite/Documents/Unreal Projects/Moonshine_V2_2/Content/Assets/ThirdParty/StarterContent/Textures/FirstPersonCrosshair.uasset" 302
"../../../../../../Users/JacobWhite/Documents/Unreal Projects/Moonshine_V2_2/Content/Blueprints/MechSide/BP_MechPlayer/BP_OverlordHUD.uasset" 303
"../../../../../../Users/JacobWhite/Documents/Unreal Projects/Moonshine_V2_2/Content/Blueprints/RobotSide/BP_OverlordStart.uasset" 304
"../../../../../../Users/JacobWhite/Documents/Unreal Projects/Moonshine_V2_2/Content/Blueprints/MoonshineGameMode.uasset" 305
"../../../../../../Users/JacobWhite/Documents/Unreal Projects/Moonshine_V2_2/Content/Blueprints/RobotSide/BP_OverlordPlayer/Overlord_Minimap_Components/Minimap_Render_Target.uasset" 306
"../../../../../../Users/JacobWhite/Documents/Unreal Projects/Moonshine_V2_2/Content/Blueprints/RobotSide/BP_OverlordPlayer/Overlord_Minimap_Components/Minimap_Render_Target_Mat.uasset" 307
"../../../../../../Users/JacobWhite/Documents/Unreal Projects/Moonshine_V2_2/Content/Blueprints/RobotSide/BP_OverlordPlayer/BP_OverlordHUD.uasset" 308
"../../Plugins/2D/Paper2D/Content/TranslucentUnlitSpriteMaterial.uasset" 309
"../../../../../../Users/JacobWhite/Documents/Unreal Projects/Moonshine_V2_2/Content/Blueprints/RobotSide/BP_OverlordPlayer/Overlord_Minimap_Components/Overlord_Test_Icon.uasset" 310
"../../../../../../Users/JacobWhite/Documents/Unreal Projects/Moonshine_V2_2/Content/Blueprints/RobotSide/BP_OverlordPlayer/Overlord_Minimap_Components/Overlord_Test_Icon_Sprite.uasset" 311
"../../../../../../Users/JacobWhite/Documents/Unreal Projects/Moonshine_V2_2/Content/Blueprints/RobotSide/BP_OverlordPlayer/BP_Overlord.uasset" 312
"../../../../../../Users/JacobWhite/Documents/Unreal Projects/Moonshine_V2_2/Content/Assets/ThirdParty/FXVarietyPack/Particles/P_BulletImpact.uasset" 313
"../../../../../../Users/JacobWhite/Documents/Unreal Projects/Moonshine_V2_2/Content/SM_Minigun2.uasset" 314
"../../../../../../Users/JacobWhite/Documents/Unreal Projects/Moonshine_V2_2/Content/Blueprints/MechSide/BP_Weapons/BP_GunParent.uasset" 315
"../../../../../../Users/JacobWhite/Documents/Unreal Projects/Moonshine_V2_2/Content/Blueprints/MechSide/BP_Weapons/BP_CameraShake/RailGun.uasset" 316
"../../../../../../Users/JacobWhite/Documents/Unreal Projects/Moonshine_V2_2/Content/Blueprints/MechSide/BP_Weapons/BP_RailgunSpline.uasset" 317
"../../../../../../Users/JacobWhite/Documents/Unreal Projects/Moonshine_V2_2/Content/Assets/Models/StaticMesh/Weapons/SM_Railgun.uasset" 318
"../../../../../../Users/JacobWhite/Documents/Unreal Projects/Moonshine_V2_2/Content/Assets/ThirdParty/FXVarietyPack/Materials/M_ky_empty.uasset" 319
"../../../../../../Users/JacobWhite/Documents/Unreal Projects/Moonshine_V2_2/Content/Assets/ThirdParty/FXVarietyPack/Textures/T_ky_flare_a.uasset" 320
"../../../../../../Users/JacobWhite/Documents/Unreal Projects/Moonshine_V2_2/Content/Assets/ThirdParty/FXVarietyPack/Materials/M_ky_flare_flash.uasset" 321
"../../../../../../Users/JacobWhite/Documents/Unreal Projects/Moonshine_V2_2/Content/Assets/ThirdParty/FXVarietyPack/Materials/MI_ky_flare_flash_trs.uasset" 322
"../../../../../../Users/JacobWhite/Documents/Unreal Projects/Moonshine_V2_2/Content/Assets/ThirdParty/FXVarietyPack/Textures/T_ky_bg_LC.uasset" 323
"../../../../../../Users/JacobWhite/Documents/Unreal Projects/Moonshine_V2_2/Content/Assets/ThirdParty/FXVarietyPack/Materials/M_ky_subUV_dynRGB.uasset" 324
"../../../../../../Users/JacobWhite/Documents/Unreal Projects/Moonshine_V2_2/Content/Assets/ThirdParty/FXVarietyPack/Textures/T_ky_lightning02_4x4.uasset" 325
"../../../../../../Users/JacobWhite/Documents/Unreal Projects/Moonshine_V2_2/Content/Assets/ThirdParty/FXVarietyPack/Materials/MI_ky_lightning02_4x4.uasset" 326
"../../../../../../Users/JacobWhite/Documents/Unreal Projects/Moonshine_V2_2/Content/Assets/ThirdParty/FXVarietyPack/Textures/T_ky_lightningDust01_4x4.uasset" 327
"../../../../../../Users/JacobWhite/Documents/Unreal Projects/Moonshine_V2_2/Content/Assets/ThirdParty/FXVarietyPack/Materials/MI_ky_lightningDust01_4x4_nonD.uasset" 328
"../../../../../../Users/JacobWhite/Documents/Unreal Projects/Moonshine_V2_2/Content/Assets/ThirdParty/FXVarietyPack/Materials/MI_ky_polar_two.uasset" 329
"../../../../../../Users/JacobWhite/Documents/Unreal Projects/Moonshine_V2_2/Content/Assets/ThirdParty/FXVarietyPack/Materials/MI_ky_smoke01.uasset" 330
"../../../../../../Users/JacobWhite/Documents/Unreal Projects/Moonshine_V2_2/Content/Assets/ThirdParty/FXVarietyPack/Materials/MI_ky_smoke01b.uasset" 331
"../../../../../../Users/JacobWhite/Documents/Unreal Projects/Moonshine_V2_2/Content/Assets/ThirdParty/FXVarietyPack/Meshes/SM_ky_quad_centerRot.uasset" 332
"../../../../../../Users/JacobWhite/Documents/Unreal Projects/Moonshine_V2_2/Content/Assets/ThirdParty/FXVarietyPack/Particles/P_ky_ThunderBallHit.uasset" 333
"../../../../../../Users/JacobWhite/Documents/Unreal Projects/Moonshine_V2_2/Content/Assets/ThirdParty/FXVarietyPack/Textures/T_ky_flare25_4x4.uasset" 334
"../../../../../../Users/JacobWhite/Documents/Unreal Projects/Moonshine_V2_2/Content/Assets/ThirdParty/FXVarietyPack/Materials/MI_ky_flare25_4x4.uasset" 335
"../../../Engine/Content/Functions/Engine_MaterialFunctions02/Fresnel_Function.uasset" 336
"../../../../../../Users/JacobWhite/Documents/Unreal Projects/Moonshine_V2_2/Content/Assets/ThirdParty/FXVarietyPack/Materials/M_ky_primitive.uasset" 337
"../../../../../../Users/JacobWhite/Documents/Unreal Projects/Moonshine_V2_2/Content/Assets/ThirdParty/FXVarietyPack/Materials/MI_ky_primitive2b_trs.uasset" 338
"../../../../../../Users/JacobWhite/Documents/Unreal Projects/Moonshine_V2_2/Content/Assets/ThirdParty/FXVarietyPack/Particles/P_RailgunFlare.uasset" 339
"../../../../../../Users/JacobWhite/Documents/Unreal Projects/Moonshine_V2_2/Content/Blueprints/MechSide/BP_Weapons/BP_Weapons/BP_Railgun.uasset" 340
"../../../../../../Users/JacobWhite/Documents/Unreal Projects/Moonshine_V2_2/Content/Assets/ThirdParty/IndustryPropsPack6/Meshes/SM_Box03.uasset" 341
"../../../../../../Users/JacobWhite/Documents/Unreal Projects/Moonshine_V2_2/Content/Blueprints/MechSide/BP_Weapons/BP_ParentPickup.uasset" 342
"../../../../../../Users/JacobWhite/Documents/Unreal Projects/Moonshine_V2_2/Content/Assets/Models/StaticMesh/Weapons/SM_MeleeBase.uasset" 343
"../../../../../../Users/JacobWhite/Documents/Unreal Projects/Moonshine_V2_2/Content/Assets/Models/StaticMesh/Weapons/SM_MeleeJoint.uasset" 344
"../../../../../../Users/JacobWhite/Documents/Unreal Projects/Moonshine_V2_2/Content/Assets/Models/StaticMesh/Weapons/SM_MeleeWeapon.uasset" 345
"../../../../../../Users/JacobWhite/Documents/Unreal Projects/Moonshine_V2_2/Content/Blueprints/MechSide/BP_Weapons/BP_Weapons/BP_Melee.uasset" 346
"../../../../../../Users/JacobWhite/Documents/Unreal Projects/Moonshine_V2_2/Content/SM_MinigunBarrel.uasset" 347
"../../../../../../Users/JacobWhite/Documents/Unreal Projects/Moonshine_V2_2/Content/Blueprints/MechSide/BP_Weapons/BP_Weapons/BP_Minigun.uasset" 348
"../../../../../../Users/JacobWhite/Documents/Unreal Projects/Moonshine_V2_2/Content/Blueprints/MechSide/BP_Weapons/BP_CameraShake/Rocket.uasset" 349
"../../../Engine/Content/BasicShapes/Cylinder.uasset" 350
"../../../../../../Users/JacobWhite/Documents/Unreal Projects/Moonshine_V2_2/Content/Blueprints/MechSide/BP_Weapons/BP_Weapons/BP_Rocket.uasset" 351
"../../../../../../Users/JacobWhite/Documents/Unreal Projects/Moonshine_V2_2/Content/Assets/Models/StaticMesh/Weapons/SM_RocketLauncher.uasset" 352
"../../../../../../Users/JacobWhite/Documents/Unreal Projects/Moonshine_V2_2/Content/Blueprints/MechSide/BP_Weapons/BP_Weapons/BP_RocketLauncher.uasset" 353
"../../../../../../Users/JacobWhite/Documents/Unreal Projects/Moonshine_V2_2/Content/Blueprints/MechSide/BP_Weapons/BP_CameraShake/Shotgun.uasset" 354
"../../../../../../Users/JacobWhite/Documents/Unreal Projects/Moonshine_V2_2/Content/Assets/Models/StaticMesh/Weapons/SM_ShotgunV2.uasset" 355
"../../../../../../Users/JacobWhite/Documents/Unreal Projects/Moonshine_V2_2/Content/Blueprints/MechSide/BP_Weapons/BP_Weapons/BP_Shotgun.uasset" 356
"../../../../../../Users/JacobWhite/Documents/Unreal Projects/Moonshine_V2_2/Content/Assets/ThirdParty/IndustryPropsPack6/Materials/MI_Barrel01_2.uasset" 357
"../../../../../../Users/JacobWhite/Documents/Unreal Projects/Moonshine_V2_2/Content/Assets/ThirdParty/StarterContent/Meshes/CubeMaterialOverride.uasset" 358
"../../../../../../Users/JacobWhite/Documents/Unreal Projects/Moonshine_V2_2/Content/Assets/Models/StaticMesh/SM_Mech.uasset" 359
"../../../Engine/Content/EngineFonts/Faces/RobotoBold.uasset" 360
"../../../Engine/Content/EngineFonts/Faces/RobotoBoldItalic.uasset" 361
"../../../Engine/Content/EngineFonts/Faces/RobotoItalic.uasset" 362
"../../../Engine/Content/EngineFonts/Faces/RobotoLight.uasset" 363
"../../../Engine/Content/EngineFonts/Faces/RobotoRegular.uasset" 364
"../../../Engine/Content/EngineFonts/Roboto.uasset" 365
"../../../../../../Users/JacobWhite/Documents/Unreal Projects/Moonshine_V2_2/Content/Blueprints/MechSide/BP_MechPlayer/Mech_Minimap_Components/Minimap_Render_Target.uasset" 366
"../../../../../../Users/JacobWhite/Documents/Unreal Projects/Moonshine_V2_2/Content/Blueprints/MechSide/BP_MechPlayer/Mech_Minimap_Components/Minimap_Render_Target_Mat.uasset" 367
"../../../../../../Users/JacobWhite/Documents/Unreal Projects/Moonshine_V2_2/Content/Blueprints/MechSide/BP_MechPlayer/Mech_Minimap_Components/Mech_Test_Icon.uasset" 368
"../../../../../../Users/JacobWhite/Documents/Unreal Projects/Moonshine_V2_2/Content/Blueprints/MechSide/BP_MechPlayer/BP_MechHUD.uasset" 369
"../../../../../../Users/JacobWhite/Documents/Unreal Projects/Moonshine_V2_2/Content/Blueprints/MechSide/BP_MechPlayer/Mech_Minimap_Components/Mech_Test_Icon_Sprite.uasset" 370
"../../../../../../Users/JacobWhite/Documents/Unreal Projects/Moonshine_V2_2/Content/Blueprints/MechSide/BP_MechPlayer/BP_MechPlayer.uasset" 371
"../../../../../../Users/JacobWhite/Documents/Unreal Projects/Moonshine_V2_2/Content/Blueprints/RobotSide/BP_Minions/Controllers/BP_MinionController.uasset" 372
"../../../../../../Users/JacobWhite/Documents/Unreal Projects/Moonshine_V2_2/Content/Blueprints/RobotSide/BP_Minions/Controllers/Tasks/BTT_AttackPlayer.uasset" 373
"../../../../../../Users/JacobWhite/Documents/Unreal Projects/Moonshine_V2_2/Content/Blueprints/RobotSide/BP_Minions/Controllers/Tasks/BTT_AttackTower.uasset" 374
"../../../../../../Users/JacobWhite/Documents/Unreal Projects/Moonshine_V2_2/Content/Blueprints/RobotSide/BP_Minions/Controllers/Tasks/BTT_FindCore.uasset" 375
"../../../../../../Users/JacobWhite/Documents/Unreal Projects/Moonshine_V2_2/Content/Blueprints/RobotSide/BP_Minions/Controllers/Tasks/BTT_FindTower.uasset" 376
"../../../../../../Users/JacobWhite/Documents/Unreal Projects/Moonshine_V2_2/Content/Blueprints/RobotSide/BP_Minions/Controllers/BP_MinionTree.uasset" 377
"../../../../../../Users/JacobWhite/Documents/Unreal Projects/Moonshine_V2_2/Content/Assets/Materials/Enivironment/M_MinionTest.uasset" 378
"../../../../../../Users/JacobWhite/Documents/Unreal Projects/Moonshine_V2_2/Content/Assets/Models/StaticMesh/Enemies/SM_RobotEyeL.uasset" 379
"../../../../../../Users/JacobWhite/Documents/Unreal Projects/Moonshine_V2_2/Content/Assets/Models/StaticMesh/Enemies/SM_RobotTie.uasset" 380
"../../../../../../Users/JacobWhite/Documents/Unreal Projects/Moonshine_V2_2/Content/Blueprints/RobotSide/BP_Minions/Minion_Health_Bar.uasset" 381
"../../../../../../Users/JacobWhite/Documents/Unreal Projects/Moonshine_V2_2/Content/Blueprints/RobotSide/BP_Minions/Minion_Minimap_Components/Exclamation_Mark_Icon.uasset" 382
"../../../../../../Users/JacobWhite/Documents/Unreal Projects/Moonshine_V2_2/Content/Blueprints/RobotSide/BP_Minions/Minion_Minimap_Components/Exclamation_Mark_Icon_Sprite.uasset" 383
"../../../../../../Users/JacobWhite/Documents/Unreal Projects/Moonshine_V2_2/Content/Blueprints/RobotSide/BP_Minions/Minion_Minimap_Components/Minimap_Robot_Test_Icon.uasset" 384
"../../../../../../Users/JacobWhite/Documents/Unreal Projects/Moonshine_V2_2/Content/Blueprints/RobotSide/BP_Minions/Minion_Minimap_Components/Minimap_Robot_Test_Icon_Sprite.uasset" 385
"../../../../../../Users/JacobWhite/Documents/Unreal Projects/Moonshine_V2_2/Content/Blueprints/RobotSide/BP_Minions/BP_MinionTest.uasset" 386
"../../../../../../Users/JacobWhite/Documents/Unreal Projects/Moonshine_V2_2/Content/Blueprints/RobotSide/BP_Minions/Controllers/Services/BTS_RotateToActor.uasset" 387
"../../../../../../Users/JacobWhite/Documents/Unreal Projects/Moonshine_V2_2/Content/Blueprints/BP_Neutral/BP_NeutralTree.uasset" 388
"../../../../../../Users/JacobWhite/Documents/Unreal Projects/Moonshine_V2_2/Content/Blueprints/MechSide/BP_MechPlayer/FirstPersonHUD.uasset" 389
"../../../../../../Users/JacobWhite/Documents/Unreal Projects/Moonshine_V2_2/Content/Blueprints/RobotSide/BP_Minions/Controllers/Decorators/BTD_IsObjectiveNearby.uasset" 390
"../../../../../../Users/JacobWhite/Documents/Unreal Projects/Moonshine_V2_2/Content/Blueprints/RobotSide/BP_OverlordPlayer/BP_CommandPoint.uasset" 391
"../../../../../../Users/JacobWhite/Documents/Unreal Projects/Moonshine_V2_2/Content/Blueprints/RobotSide/BP_OverlordPlayer/BP_OverlordPlayer.uasset" 392
"../../../Engine/Content/Animation/DefaultAnimCurveCompressionSettings.uasset" 393
"../../../Engine/Content/ArtTools/RenderToTexture/Meshes/S_1_Unit_Plane.uasset" 394
"../../../Engine/Content/BasicShapes/Plane.uasset" 395
"../../../Engine/Content/EditorLandscapeResources/DataLayer.uasset" 396
"../../../Engine/Content/EditorMaterials/GizmoMaterial.uasset" 397
"../../../Engine/Content/EditorMaterials/MAT_Groups_Toggle.uasset" 398
"../../../Engine/Content/EditorMaterials/MAT_Groups_Visibility.uasset" 399
"../../../Engine/Content/EditorMaterials/PreviewShadowIndicator.uasset" 400
"../../../Engine/Content/EditorMaterials/PreviewShadowIndicatorMaterial.uasset" 401
"../../../Engine/Content/EditorMaterials/MatineeGroups/MAT_ColorTrack.uasset" 402
"../../../Engine/Content/EditorMaterials/MatineeGroups/MAT_Groups_Anim.uasset" 403
"../../../Engine/Content/EditorMaterials/MatineeGroups/MAT_Groups_AudioMaster.uasset" 404
"../../../Engine/Content/EditorMaterials/MatineeGroups/MAT_Groups_Director.uasset" 405
"../../../Engine/Content/EditorMaterials/MatineeGroups/MAT_Groups_Event.uasset" 406
"../../../Engine/Content/EditorMaterials/MatineeGroups/MAT_Groups_Fade.uasset" 407
"../../../Engine/Content/EditorMaterials/MatineeGroups/MAT_Groups_Float.uasset" 408
"../../../Engine/Content/EditorMaterials/MatineeGroups/MAT_Groups_Move.uasset" 409
"../../../Engine/Content/EditorMaterials/MatineeGroups/MAT_Groups_Slomo.uasset" 410
"../../../Engine/Content/EditorMaterials/MatineeGroups/MAT_Groups_Sound.uasset" 411
"../../../Engine/Content/EditorMaterials/MatineeGroups/MAT_Groups_Vector.uasset" 412
"../../../Engine/Content/EditorMaterials/ParticleSystems/PSysThumbnail_NoImage.uasset" 413
"../../../Engine/Content/EditorMaterials/ParticleSystems/PSysThumbnail_OOD.uasset" 414
"../../../Engine/Content/EditorMaterials/Camera/CineMat.uasset" 415
"../../../Engine/Content/EditorMaterials/Camera/MI_CineMat_Rig.uasset" 416
"../../../Engine/Content/EditorMeshes/Camera/SM_CraneRig_Arm.uasset" 417
"../../../Engine/Content/EditorMeshes/Camera/SM_CraneRig_Base.uasset" 418
"../../../Engine/Content/EditorMeshes/Camera/SM_CraneRig_Body.uasset" 419
"../../../Engine/Content/EditorMeshes/Camera/SM_CraneRig_Mount.uasset" 420
"../../../Engine/Content/EditorMeshes/Camera/SM_RailRig_Mount.uasset" 421
"../../../Engine/Content/EditorMeshes/Camera/SM_RailRig_Track.uasset" 422
"../../../Engine/Content/EditorResources/BSPVertex.uasset" 423
"../../../Engine/Content/EditorResources/EmptyActor.uasset" 424
"../../../Engine/Content/EditorResources/S_Actor.uasset" 425
"../../../Engine/Content/EditorResources/S_Note.uasset" 426
"../../../Engine/Content/EditorResources/S_Solver.uasset" 427
"../../../Engine/Content/EditorResources/S_Trigger.uasset" 428
"../../../Engine/Content/EditorResources/LightIcons/S_LightError.uasset" 429
"../../../Engine/Content/EditorResources/SequenceRecorder/Countdown.uasset" 430
"../../../Engine/Content/EditorResources/SequenceRecorder/RecordingIndicator.uasset" 431
"../../../Engine/Content/EditorSounds/Notifications/CompileFailed.uasset" 432
"../../../Engine/Content/EditorSounds/Notifications/CompileFailed_Cue.uasset" 433
"../../../Engine/Content/EditorSounds/Notifications/CompileSuccess.uasset" 434
"../../../Engine/Content/EditorSounds/Notifications/CompileStart_Cue.uasset" 435
"../../../Engine/Content/EditorSounds/Notifications/CompileSuccess_Cue.uasset" 436
"../../../Engine/Content/EngineDamageTypes/DmgTypeBP_Environmental.uasset" 437
"../../../Engine/Content/EngineDebugMaterials/BoneWeightMaterial.uasset" 438
"../../../Engine/Content/EngineDebugMaterials/ClothMaterial.uasset" 439
"../../../Engine/Content/EngineDebugMaterials/ClothMaterial_WF.uasset" 440
"../../../Engine/Content/EngineDebugMaterials/DebugEditorMaterial.uasset" 441
"../../../Engine/Content/EngineDebugMaterials/DebugMeshMaterial.uasset" 442
"../../../Engine/Content/EngineDebugMaterials/GeomMaterial.uasset" 443
"../../../Engine/Content/EngineDebugMaterials/M_SimpleTranslucent.uasset" 444
"../../../Engine/Content/Functions/Engine_MaterialFunctions02/Utility/CameraDirectionVector.uasset" 445
"../../../Engine/Content/EngineDebugMaterials/VolumeToRender.uasset" 446
"../../../Engine/Content/EngineDebugMaterials/M_VolumeRenderSphereTracePP.uasset" 447
"../../../Engine/Content/EngineDebugMaterials/WireframeMaterial.uasset" 448
"../../../Engine/Content/EngineFonts/Faces/RobotoTiny.uasset" 449
"../../../Engine/Content/EngineFonts/RobotoTiny.uasset" 450
"../../../Engine/Content/EngineMaterials/BaseFlattenDiffuseMap.uasset" 451
"../../../Engine/Content/EngineMaterials/BaseFlattenEmissiveMap.uasset" 452
"../../../Engine/Content/EngineMaterials/BaseFlattenGrayscaleMap.uasset" 453
"../../../Engine/Content/EngineMaterials/BaseFlattenNormalMap.uasset" 454
"../../../Engine/Content/EngineMaterials/BaseFlattenMaterial.uasset" 455
"../../../Engine/Content/EngineMaterials/BlueNoise.uasset" 456
"../../../Engine/Content/EngineMaterials/DefaultBloomKernel.uasset" 457
"../../../Engine/Content/EngineMaterials/DefaultBokeh.uasset" 458
"../../../Engine/Content/EngineMaterials/DefaultDiffuse.uasset" 459
"../../../Engine/Content/EngineMaterials/DefaultDeferredDecalMaterial.uasset" 460
"../../../Engine/Content/EngineMaterials/DefaultLightFunctionMaterial.uasset" 461
"../../../Engine/Content/Functions/Engine_MaterialFunctions02/Utility/BreakOutFloat2Components.uasset" 462
"../../../Engine/Content/EngineMaterials/DefaultPostProcessMaterial.uasset" 463
"../../../Engine/Content/EngineFonts/RobotoDistanceField.uasset" 464
"../../../Engine/Content/EngineMaterials/DefaultTextMaterialOpaque.uasset" 465
"../../../Engine/Content/EngineMaterials/DefaultVirtualTextureMaterial.uasset" 466
"../../../Engine/Content/EngineMaterials/DefaultWhiteGrid.uasset" 467
"../../../Engine/Content/EngineMaterials/EditorBrushMaterial.uasset" 468
"../../../Engine/Content/EngineMaterials/DefaultWhiteGrid_Low.uasset" 469
"../../../Engine/Content/EngineMaterials/EmissiveMeshMaterial.uasset" 470
"../../../Engine/Content/EngineMaterials/MiniFont.uasset" 471
"../../../Engine/Content/EngineMaterials/InvalidLightmapSettings.uasset" 472
"../../../Engine/Content/EngineMaterials/M_InvalidLightmapSettings.uasset" 473
"../../../Engine/Content/Functions/Engine_MaterialFunctions02/WorldPositionOffset/CameraOffset.uasset" 474
"../../../Engine/Content/EngineMaterials/PhAT_JointLimitMaterial.uasset" 475
"../../../Engine/Content/EngineMaterials/PreintegratedSkinBRDF.uasset" 476
"../../../Engine/Content/EngineMaterials/RemoveSurfaceMaterial.uasset" 477
"../../../Engine/Content/EngineMaterials/WeightMapPlaceholderTexture.uasset" 478
"../../../Engine/Content/EngineResources/WhiteSquareTexture.uasset" 479
"../../../Engine/Content/EngineMaterials/Widget3DPassThrough.uasset" 480
"../../../Engine/Content/EngineMaterials/Widget3DPassThrough_Masked.uasset" 481
"../../../Engine/Content/EngineMaterials/Widget3DPassThrough_Opaque.uasset" 482
"../../../Engine/Content/EngineMaterials/Widget3DPassThrough_Masked_OneSided.uasset" 483
"../../../Engine/Content/EngineMaterials/Widget3DPassThrough_Opaque_OneSided.uasset" 484
"../../../Engine/Content/EngineMaterials/Widget3DPassThrough_Translucent.uasset" 485
"../../../Engine/Content/EngineMaterials/Widget3DPassThrough_Translucent_OneSided.uasset" 486
"../../../Engine/Content/EngineMeshes/Cylinder.uasset" 487
"../../../Engine/Content/EngineMeshes/Sphere.uasset" 488
"../../../Engine/Content/EngineResources/Black.uasset" 489
"../../../Engine/Content/EngineResources/DefaultTexture.uasset" 490
"../../../Engine/Content/EngineResources/DefaultTextureCube.uasset" 491
"../../../Engine/Content/EngineResources/DefaultVolumeTexture2D.uasset" 492
"../../../Engine/Content/EngineResources/DefaultVolumeTexture.uasset" 493
"../../../Engine/Content/EngineResources/GradientTexture0.uasset" 494
"../../../Engine/Content/EngineSounds/Master.uasset" 495
"../../../Engine/Content/Functions/Engine_MaterialFunctions01/Shading/ConvertFromDiffSpec.uasset" 496
"../../../Engine/Content/Functions/Engine_MaterialFunctions01/Shading/PowerToRoughness.uasset" 497
"../../../Engine/Content/Maps/Templates/Thumbnails/Default.uasset" 498
"../../../Engine/Content/Maps/Templates/Thumbnails/VR-Basic.uasset" 499
"../../../Engine/Content/MobileResources/T_MobileControls_texture.uasset" 500
"../../../Engine/Content/MobileResources/T_MobileMenu2.uasset" 501
"../../../Engine/Content/MobileResources/HUD/AnalogHat.uasset" 502
"../../../Engine/Content/MobileResources/HUD/VirtualJoystick_Background.uasset" 503
"../../../Engine/Content/MobileResources/HUD/VirtualJoystick_Thumb.uasset" 504
"../../../Engine/Content/MobileResources/HUD/DefaultVirtualJoysticks.uasset" 505
"../../../Engine/Content/MobileResources/HUD/LeftVirtualJoystickOnly.uasset" 506
"../../../Engine/Content/MobileResources/HUD/MobileHUDButton1_off.uasset" 507
"../../../Engine/Content/MobileResources/HUD/MobileHUDButton1_on.uasset" 508
"../../../Engine/Content/MobileResources/HUD/MobileHUDButton2_off.uasset" 509
"../../../Engine/Content/MobileResources/HUD/MobileHUDButton2_on.uasset" 510
"../../../Engine/Content/MobileResources/HUD/MobileHUDButton3.uasset" 511
"../../../Engine/Content/MobileResources/HUD/MobileHUDButtonFire.uasset" 512
"../../../Engine/Content/MobileResources/HUD/MobileHUDDirectionPad.uasset" 513
"../../../Engine/Content/MobileResources/HUD/MobileHUDDirectionPad2.uasset" 514
"../../../Engine/Content/MobileResources/HUD/MobileHUDDirectionPad3.uasset" 515
"../../../Engine/Content/MobileResources/HUD/MobileHUDDirectionStick.uasset" 516
"../../../Engine/Content/MobileResources/HUD/T_Castle_ThumbstickInner.uasset" 517
"../../../Engine/Content/MobileResources/HUD/T_Castle_ThumbstickOutter.uasset" 518
"../../../Engine/Content/Tutorial/ContentIntroCurve.uasset" 519
"../../../Engine/Content/Tutorial/Basics/LevelEditorAttract.uasset" 520
"../../../Engine/Content/VREditor/LaserPointer/VR_LaserPower_01.uasset" 521
"../../../Engine/Content/VREditor/TransformGizmo/TransformGizmoMaterial.uasset" 522
"../../../Engine/Content/VREditor/TransformGizmo/TranslucentTransformGizmoMaterial.uasset" 523
"../../../Engine/Content/VREditor/TransformGizmo/BoundingBoxCorner.uasset" 524
"../../../Engine/Content/VREditor/TransformGizmo/BoundingBoxEdge.uasset" 525
"../../../Engine/Content/VREditor/TransformGizmo/PlaneTranslationHandle.uasset" 526
"../../../Engine/Content/VREditor/TransformGizmo/Main.uasset" 527
"../../../Engine/Content/VREditor/TransformGizmo/Xray.uasset" 528
"../../../Engine/Content/VREditor/TransformGizmo/SM_Sequencer_Key.uasset" 529
"../../../Engine/Content/VREditor/TransformGizmo/SM_Sequencer_Node.uasset" 530
"../../Plugins/2D/Paper2D/Content/DummySprite.uasset" 531
"../../Plugins/2D/Paper2D/Content/DefaultPaperTerrainMaterial.uasset" 532
"../../Plugins/2D/Paper2D/Content/MaskedUnlitSpriteMaterial.uasset" 533
"../../Plugins/2D/Paper2D/Content/OpaqueUnlitSpriteMaterial.uasset" 534
"../../Plugins/Runtime/Oculus/OculusVR/Content/OculusMR_RenderTarget.uasset" 535
"../../../Engine/Content/Functions/Engine_MaterialFunctions02/Utility/BreakOutFloat4Components.uasset" 536
"../../../Engine/Content/Functions/Engine_MaterialFunctions02/Utility/MakeFloat2.uasset" 537
"../../../Engine/Content/Functions/Engine_MaterialFunctions02/Utility/MakeFloat3.uasset" 538
"../../Plugins/Runtime/Oculus/OculusVR/Content/Materials/OculusMR_ChromaKey.uasset" 539
"../../Plugins/Runtime/Oculus/OculusVR/Content/Materials/OculusMR_ChromaKey_Lit.uasset" 540
"../../Plugins/Runtime/Oculus/OculusVR/Content/Materials/OculusMR_OpaqueColoredMaterial.uasset" 541
"../../Plugins/Runtime/Oculus/OculusVR/Content/Materials/OculusMR_WhiteMaterial.uasset" 542
"../../../../../../Users/JacobWhite/Documents/Unreal Projects/Moonshine_V2_2/Content/Blueprints/BP_Neutral/BP_NeutralSpawner.uasset" 543
"../../../../../../Users/JacobWhite/Documents/Unreal Projects/Moonshine_V2_2/Content/Blueprints/RobotSide/BP_MinionSpawner.uasset" 544
"../../../Engine/Content/EngineSky/C_Sky_Cloud_Color.uasset" 545
"../../../Engine/Content/EngineSky/C_Sky_Horizon_Color.uasset" 546
"../../../Engine/Content/EngineSky/C_Sky_Zenith_Color.uasset" 547
"../../../Engine/Content/EngineSky/BP_Sky_Sphere.uasset" 548
"../../../../../../Users/JacobWhite/Documents/Unreal Projects/Moonshine_V2_2/Content/Assets/Models/StaticMesh/Tele.uasset" 549
"../../../../../../Users/JacobWhite/Documents/Unreal Projects/Moonshine_V2_2/Content/Blueprints/MechSide/BP_Structures/BP_RegenZone.uasset" 550
"../../../../../../Users/JacobWhite/Documents/Unreal Projects/Moonshine_V2_2/Content/Assets/Materials/Enivironment/M_MoonPlaceHolder1.uasset" 551
"../../../../../../Users/JacobWhite/Documents/Unreal Projects/Moonshine_V2_2/Content/Assets/Models/StaticMesh/Weapons/SM_DummyMelee.uasset" 552
"../../../../../../Users/JacobWhite/Documents/Unreal Projects/Moonshine_V2_2/Content/Blueprints/MechSide/BP_Weapons/BP_Pickups/BP_MeleePickup.uasset" 553
"../../../../../../Users/JacobWhite/Documents/Unreal Projects/Moonshine_V2_2/Content/Assets/Models/StaticMesh/Weapons/SM_Minigun.uasset" 554
"../../../../../../Users/JacobWhite/Documents/Unreal Projects/Moonshine_V2_2/Content/Blueprints/MechSide/BP_Weapons/BP_Pickups/BP_MinigunPickup.uasset" 555
"../../../../../../Users/JacobWhite/Documents/Unreal Projects/Moonshine_V2_2/Content/Blueprints/MechSide/BP_Weapons/BP_Pickups/BP_RailgunPickup.uasset" 556
"../../../../../../Users/JacobWhite/Documents/Unreal Projects/Moonshine_V2_2/Content/Blueprints/MechSide/BP_Weapons/BP_Pickups/BP_RocketPickup.uasset" 557
"../../../../../../Users/JacobWhite/Documents/Unreal Projects/Moonshine_V2_2/Content/Assets/Models/StaticMesh/Weapons/SM_Shotgun.uasset" 558
"../../../../../../Users/JacobWhite/Documents/Unreal Projects/Moonshine_V2_2/Content/Blueprints/MechSide/BP_Weapons/BP_Pickups/BP_ShotgunpPickup.uasset" 559
"../../../../../../Users/JacobWhite/Documents/Unreal Projects/Moonshine_V2_2/Content/Maps/FirstPersonExampleMap_BuiltData.uasset" 560
"../../../../../../Users/JacobWhite/Documents/Unreal Projects/Moonshine_V2_2/Content/Assets/Materials/Enivironment/M_MoonPlaceHolder.uasset" 561
"../../../../../../Users/JacobWhite/Documents/Unreal Projects/Moonshine_V2_2/Content/Assets/Materials/T_Skycube.uasset" 562
"../../../../../../Users/JacobWhite/Documents/Unreal Projects/Moonshine_V2_2/Content/Assets/Materials/M_Skycube.uasset" 563
"../../../../../../Users/JacobWhite/Documents/Unreal Projects/Moonshine_V2_2/Content/Assets/Models/MapAssets/Assets/Materials/M_MoonPlaceHolder1.uasset" 564
"../../../Engine/Content/EngineMaterials/DefaultPhysicalMaterial.uasset" 565
"../../../../../../Users/JacobWhite/Documents/Unreal Projects/Moonshine_V2_2/Content/Assets/Models/MapAssets/Assets/Fence_1.uasset" 566
"../../../../../../Users/JacobWhite/Documents/Unreal Projects/Moonshine_V2_2/Content/Assets/Models/MapAssets/Assets/Fence_2.uasset" 567
"../../../../../../Users/JacobWhite/Documents/Unreal Projects/Moonshine_V2_2/Content/Assets/Models/MapAssets/Assets/Gate.uasset" 568
"../../../../../../Users/JacobWhite/Documents/Unreal Projects/Moonshine_V2_2/Content/Assets/Models/MapAssets/Assets/Level_Assests/Assets/Level_Assests/Grass1.uasset" 569
"../../../../../../Users/JacobWhite/Documents/Unreal Projects/Moonshine_V2_2/Content/Assets/Models/MapAssets/Assets/Level_Assests/Assets/Level_Assests/Grass.uasset" 570
"../../../../../../Users/JacobWhite/Documents/Unreal Projects/Moonshine_V2_2/Content/Assets/Models/MapAssets/Assets/Level_Assests/Assets/Level_Assests/Rock_s_Sphere001.uasset" 571
"../../../../../../Users/JacobWhite/Documents/Unreal Projects/Moonshine_V2_2/Content/Assets/Models/MapAssets/Assets/Level_Assests/Assets/Level_Assests/Rock_s_Sphere003.uasset" 572
"../../../../../../Users/JacobWhite/Documents/Unreal Projects/Moonshine_V2_2/Content/Assets/Models/MapAssets/Assets/Level_Assests/Assets/Level_Assests/Rock_s_Sphere004.uasset" 573
"../../../../../../Users/JacobWhite/Documents/Unreal Projects/Moonshine_V2_2/Content/Assets/Models/MapAssets/Assets/Level_Assests/Assets/Level_Assests/Space_Corn.uasset" 574
"../../../../../../Users/JacobWhite/Documents/Unreal Projects/Moonshine_V2_2/Content/Assets/Models/MapAssets/Assets/Level_Assests/Migrate/Blockout_silo_Cylinder001.uasset" 575
"../../../../../../Users/JacobWhite/Documents/Unreal Projects/Moonshine_V2_2/Content/Assets/ThirdParty/StarterContent/Geometry/Meshes/1M_Cube.uasset" 576
"../../../../../../Users/JacobWhite/Documents/Unreal Projects/Moonshine_V2_2/Content/Maps/FirstPersonExampleMap.umap" 577
"../../../../../../Users/JacobWhite/Documents/Unreal Projects/Moonshine_V2_2/Content/Maps/Moonshine_NewMap_BuiltData.uasset" 578
"../../../../../../Users/JacobWhite/Documents/Unreal Projects/Moonshine_V2_2/Content/Maps/Moonshine_NewMap.umap" 579
"../../../Engine/Content/Maps/Entry_BuiltData.uasset" 580
"../../../Engine/Content/Maps/Entry.umap" 581
